d:\vsproject\sfup\duilib\debug\duilib.pch
d:\vsproject\sfup\duilib\debug\vc140.pdb
d:\vsproject\sfup\duilib\debug\vc140.idb
d:\vsproject\sfup\duilib\debug\stdafx.obj
d:\vsproject\sfup\duilib\debug\uihorizontallayout.obj
d:\vsproject\sfup\duilib\debug\uitablayout.obj
d:\vsproject\sfup\duilib\debug\uitilelayout.obj
d:\vsproject\sfup\duilib\debug\uiverticallayout.obj
d:\vsproject\sfup\duilib\debug\uiactivex.obj
d:\vsproject\sfup\duilib\debug\uibutton.obj
d:\vsproject\sfup\duilib\debug\uicheckbox.obj
d:\vsproject\sfup\duilib\debug\uicombo.obj
d:\vsproject\sfup\duilib\debug\uidatetime.obj
d:\vsproject\sfup\duilib\debug\uiedit.obj
d:\vsproject\sfup\duilib\debug\uigifanim.obj
d:\vsproject\sfup\duilib\debug\uilabel.obj
d:\vsproject\sfup\duilib\debug\uilist.obj
d:\vsproject\sfup\duilib\debug\uioption.obj
d:\vsproject\sfup\duilib\debug\uiprogress.obj
d:\vsproject\sfup\duilib\debug\uirichedit.obj
d:\vsproject\sfup\duilib\debug\uiscrollbar.obj
d:\vsproject\sfup\duilib\debug\uislider.obj
d:\vsproject\sfup\duilib\debug\uitext.obj
d:\vsproject\sfup\duilib\debug\uiwebbrowser.obj
d:\vsproject\sfup\duilib\debug\uitreeview.obj
d:\vsproject\sfup\duilib\debug\uilib.obj
d:\vsproject\sfup\duilib\debug\winimplbase.obj
d:\vsproject\sfup\duilib\debug\uidelegate.obj
d:\vsproject\sfup\duilib\debug\utils.obj
d:\vsproject\sfup\duilib\debug\wndshadow.obj
d:\vsproject\sfup\duilib\debug\uibase.obj
d:\vsproject\sfup\duilib\debug\uicontainer.obj
d:\vsproject\sfup\duilib\debug\uicontrol.obj
d:\vsproject\sfup\duilib\debug\uidlgbuilder.obj
d:\vsproject\sfup\duilib\debug\uimanager.obj
d:\vsproject\sfup\duilib\debug\uimarkup.obj
d:\vsproject\sfup\duilib\debug\uirender.obj
d:\vsproject\sfup\duilib\debug\uichildlayout.obj
d:\vsproject\sfup\duilib\debug\stb_image.obj
d:\vsproject\sfup\duilib\debug\xunzip.obj
d:\vsproject\sfup\lib\debug\duilib.lib
d:\vsproject\sfup\lib\debug\duilib.exp
d:\vsproject\sfup\debug\duilib.dll
d:\vsproject\sfup\debug\duilib.pdb
d:\vsproject\sfup\duilib\debug\duilib.tlog\cl.command.1.tlog
d:\vsproject\sfup\duilib\debug\duilib.tlog\cl.read.1.tlog
d:\vsproject\sfup\duilib\debug\duilib.tlog\cl.write.1.tlog
d:\vsproject\sfup\duilib\debug\duilib.tlog\duilib.write.1u.tlog
d:\vsproject\sfup\duilib\debug\duilib.tlog\link.command.1.tlog
d:\vsproject\sfup\duilib\debug\duilib.tlog\link.read.1.tlog
d:\vsproject\sfup\duilib\debug\duilib.tlog\link.write.1.tlog
