d:\vsproject\sfup\zlib\debug\deflate.obj
d:\vsproject\sfup\zlib\debug\inftrees.obj
d:\vsproject\sfup\zlib\debug\adler32.obj
d:\vsproject\sfup\zlib\debug\inffast.obj
d:\vsproject\sfup\zlib\debug\zutil.obj
d:\vsproject\sfup\zlib\debug\crc32.obj
d:\vsproject\sfup\zlib\debug\inflate.obj
d:\vsproject\sfup\zlib\debug\gzwrite.obj
d:\vsproject\sfup\zlib\debug\gzclose.obj
d:\vsproject\sfup\zlib\debug\trees.obj
d:\vsproject\sfup\zlib\debug\compress.obj
d:\vsproject\sfup\zlib\debug\infback.obj
d:\vsproject\sfup\zlib\debug\gzlib.obj
d:\vsproject\sfup\zlib\debug\gzread.obj
d:\vsproject\sfup\zlib\debug\uncompr.obj
d:\vsproject\sfup\zlib\debug\zlib.pdb
d:\vsproject\sfup\lib\debug\zlib.lib
d:\vsproject\sfup\debug\zlib.pdb
d:\vsproject\sfup\zlib\debug\zlib.tlog\cl.command.1.tlog
d:\vsproject\sfup\zlib\debug\zlib.tlog\cl.read.1.tlog
d:\vsproject\sfup\zlib\debug\zlib.tlog\cl.write.1.tlog
d:\vsproject\sfup\zlib\debug\zlib.tlog\lib-link.read.1.tlog
d:\vsproject\sfup\zlib\debug\zlib.tlog\lib-link.write.1.tlog
d:\vsproject\sfup\zlib\debug\zlib.tlog\lib.command.1.tlog
