d:\vsproject\sfup\client\debug\client.pch
d:\vsproject\sfup\client\debug\vc140.pdb
d:\vsproject\sfup\client\debug\vc140.idb
d:\vsproject\sfup\client\debug\stdafx.obj
d:\vsproject\sfup\client\debug\pcobserver.obj
d:\vsproject\sfup\client\debug\inifile.obj
d:\vsproject\sfup\client\debug\main.obj
d:\vsproject\sfup\client\debug\mainframe.obj
d:\vsproject\sfup\client\debug\md5.obj
d:\vsproject\sfup\client\debug\packetizer.obj
d:\vsproject\sfup\client\debug\aescfb128decryptor.obj
d:\vsproject\sfup\client\debug\aescfb128encryptor.obj
d:\vsproject\sfup\client\debug\bufferedsslcontext.obj
d:\vsproject\sfup\client\debug\callbacksslcontext.obj
d:\vsproject\sfup\client\debug\cryptokey.obj
d:\vsproject\sfup\client\debug\ctrdrbgcontext.obj
d:\vsproject\sfup\client\debug\entropycontext.obj
d:\vsproject\sfup\client\debug\rsaprivatekey.obj
d:\vsproject\sfup\client\debug\sha1checksum.obj
d:\vsproject\sfup\client\debug\sslcontext.obj
d:\vsproject\sfup\client\debug\x509cert.obj
d:\vsproject\sfup\client\debug\trayicon.obj
d:\vsproject\sfup\client\debug\videodialog.obj
d:\vsproject\sfup\client\debug\videorenderer.obj
d:\vsproject\sfup\client\debug\aboutme.obj
d:\vsproject\sfup\client\debug\bytebuffer.obj
d:\vsproject\sfup\client\debug\conductor.obj
d:\vsproject\sfup\client\debug\connectionclient.obj
d:\vsproject\sfup\client\debug\defaults.obj
d:\vsproject\sfup\client\debug\desktopcapturer.obj
d:\vsproject\sfup\client\debug\func.obj
d:\vsproject\sfup\client\debug\joinroom.obj
d:\vsproject\sfup\client\debug\videopusher.obj
d:\vsproject\sfup\client\debug\webconstructor.obj
d:\vsproject\sfup\client\debug\btvideodialog.obj
d:\vsproject\sfup\debug\client.ilk
d:\vsproject\sfup\debug\client.exe
d:\vsproject\sfup\debug\client.pdb
d:\vsproject\sfup\client\debug\client.res
d:\vsproject\sfup\client\debug\client.tlog\cl.command.1.tlog
d:\vsproject\sfup\client\debug\client.tlog\cl.read.1.tlog
d:\vsproject\sfup\client\debug\client.tlog\cl.write.1.tlog
d:\vsproject\sfup\client\debug\client.tlog\link.command.1.tlog
d:\vsproject\sfup\client\debug\client.tlog\link.read.1.tlog
d:\vsproject\sfup\client\debug\client.tlog\link.write.1.tlog
d:\vsproject\sfup\client\debug\client.tlog\rc.command.1.tlog
d:\vsproject\sfup\client\debug\client.tlog\rc.read.1.tlog
d:\vsproject\sfup\client\debug\client.tlog\rc.write.1.tlog
