d:\vsproject\sfup\srtp\debug\srtp.pdb
d:\vsproject\sfup\srtp\debug\srtp.idb
d:\vsproject\sfup\srtp\debug\cipher.obj
d:\vsproject\sfup\srtp\debug\null_cipher.obj
d:\vsproject\sfup\srtp\debug\auth.obj
d:\vsproject\sfup\srtp\debug\hmac.obj
d:\vsproject\sfup\srtp\debug\null_auth.obj
d:\vsproject\sfup\srtp\debug\sha1.obj
d:\vsproject\sfup\srtp\debug\alloc.obj
d:\vsproject\sfup\srtp\debug\crypto_kernel.obj
d:\vsproject\sfup\srtp\debug\err.obj
d:\vsproject\sfup\srtp\debug\key.obj
d:\vsproject\sfup\srtp\debug\datatypes.obj
d:\vsproject\sfup\srtp\debug\stat.obj
d:\vsproject\sfup\srtp\debug\rdb.obj
d:\vsproject\sfup\srtp\debug\rdbx.obj
d:\vsproject\sfup\srtp\debug\ut_sim.obj
d:\vsproject\sfup\srtp\debug\ctr_prng.obj
d:\vsproject\sfup\srtp\debug\prng.obj
d:\vsproject\sfup\srtp\debug\rand_source.obj
d:\vsproject\sfup\srtp\debug\ekt.obj
d:\vsproject\sfup\srtp\debug\srtp.obj
d:\vsproject\sfup\srtp\debug\aes.obj
d:\vsproject\sfup\srtp\debug\aes_cbc.obj
d:\vsproject\sfup\srtp\debug\aes_icm.obj
d:\vsproject\sfup\debug\srtp.lib
d:\vsproject\sfup\debug\srtp.pdb
d:\vsproject\sfup\srtp\debug\srtp.tlog\cl.command.1.tlog
d:\vsproject\sfup\srtp\debug\srtp.tlog\cl.read.1.tlog
d:\vsproject\sfup\srtp\debug\srtp.tlog\cl.write.1.tlog
d:\vsproject\sfup\srtp\debug\srtp.tlog\lib-link.read.1.tlog
d:\vsproject\sfup\srtp\debug\srtp.tlog\lib-link.write.1.tlog
d:\vsproject\sfup\srtp\debug\srtp.tlog\lib.command.1.tlog
